Env
    { expressions = fromList
        [
            ( "+"
            , TArrow
                ( Type ( TPrimitive  TInt ) )
                ( Type
                    ( TArrow
                        ( Type ( TPrimitive  TInt ) )
                        ( Type ( TPrimitive  TInt ) )
                    )
                )
            )
        ,
            ( "i"
            , TArrow
                ( Type ( TPrimitive  TInt ) )
                ( Type
                    ( TArrow
                        ( Type ( TPrimitive  TBool ) )
                        ( Type ( TPrimitive  TString ) )
                    )
                )
            )
        ]
    , typeVars = fromList []
    , typeKinds = fromList []
    , count = 0
    }
